[2022-10-14T03:10:43.309Z] Log level: Info
[2022-10-14T03:10:43.321Z] [info] Validating found git in: git
[2022-10-14T03:10:43.365Z] [info] Using git 2.30.2 from git
[2022-10-14T03:10:43.426Z] > git rev-parse --show-toplevel [41ms]
[2022-10-14T03:10:43.438Z] > git rev-parse --git-dir --git-common-dir [2ms]
[2022-10-14T03:10:43.451Z] [info] Open repository: /var/blog
[2022-10-14T03:10:43.473Z] > git rev-parse --show-toplevel [6ms]
[2022-10-14T03:10:43.484Z] > git rev-parse --show-toplevel [6ms]
[2022-10-14T03:10:43.497Z] > git rev-parse --show-toplevel [7ms]
[2022-10-14T03:10:43.508Z] > git rev-parse --show-toplevel [2ms]
[2022-10-14T03:10:43.518Z] > git rev-parse --show-toplevel [4ms]
[2022-10-14T03:10:43.528Z] > git rev-parse --show-toplevel [5ms]
[2022-10-14T03:10:43.540Z] > git rev-parse --show-toplevel [6ms]
[2022-10-14T03:10:43.556Z] > git rev-parse --show-toplevel [11ms]
[2022-10-14T03:10:43.564Z] > git rev-parse --show-toplevel [4ms]
[2022-10-14T03:10:43.576Z] > git rev-parse --show-toplevel [6ms]
[2022-10-14T03:10:43.586Z] > git rev-parse --show-toplevel [4ms]
[2022-10-14T03:10:43.600Z] > git rev-parse --show-toplevel [6ms]
[2022-10-14T03:10:43.612Z] > git rev-parse --show-toplevel [2ms]
[2022-10-14T03:10:43.625Z] > git rev-parse --show-toplevel [8ms]
[2022-10-14T03:10:43.635Z] > git rev-parse --show-toplevel [2ms]
[2022-10-14T03:10:43.647Z] > git rev-parse --show-toplevel [6ms]
[2022-10-14T03:10:44.032Z] > git status -z -uall [570ms]
[2022-10-14T03:10:44.039Z] > git symbolic-ref --short HEAD [2ms]
[2022-10-14T03:10:44.046Z] > git for-each-ref --format=%(refname)%00%(upstream:short)%00%(objectname)%00%(upstream:track)%00%(upstream:remotename)%00%(upstream:remoteref) refs/heads/gh-pages refs/remotes/gh-pages [4ms]
[2022-10-14T03:10:44.056Z] > git for-each-ref --sort -committerdate --format %(refname) %(objectname) %(*objectname) [6ms]
[2022-10-14T03:10:44.058Z] > git remote --verbose [4ms]
[2022-10-14T03:10:44.076Z] > git config --get commit.template [5ms]
[2022-10-14T03:10:44.283Z] > git status -z -uall [201ms]
[2022-10-14T03:10:44.294Z] > git symbolic-ref --short HEAD [7ms]
[2022-10-14T03:10:44.300Z] > git check-ignore -v -z --stdin [8ms]
[2022-10-14T03:10:44.305Z] > git for-each-ref --format=%(refname)%00%(upstream:short)%00%(objectname)%00%(upstream:track)%00%(upstream:remotename)%00%(upstream:remoteref) refs/heads/gh-pages refs/remotes/gh-pages [6ms]
[2022-10-14T03:10:44.313Z] > git for-each-ref --sort -committerdate --format %(refname) %(objectname) %(*objectname) [4ms]
[2022-10-14T03:10:44.315Z] > git remote --verbose [3ms]
[2022-10-14T03:10:44.322Z] > git config --get commit.template [2ms]
[2022-10-14T03:10:47.551Z] > git ls-files --stage -- /var/blog/index.html [10ms]
[2022-10-14T03:10:47.558Z] > git show --textconv :index.html [24ms]
[2022-10-14T03:10:47.568Z] > git cat-file -s 2ab992c91825019dcd3c6ea6be09891cb7ae125c [10ms]
[2022-10-14T03:13:31.209Z] > git check-ignore -v -z --stdin [32ms]
[2022-10-14T03:13:35.021Z] > git show --textconv :css/loading.css [84ms]
[2022-10-14T03:13:35.022Z] > git ls-files --stage -- /var/blog/css/loading.css [74ms]
[2022-10-14T03:13:35.040Z] > git cat-file -s 5cd4b3ad18b428431f112f3f25c81dafbe6f4814 [6ms]
[2022-10-14T03:13:38.939Z] > git ls-files --stage -- /var/blog/index.html [5ms]
[2022-10-14T03:13:38.948Z] > git show --textconv :index.html [20ms]
[2022-10-14T03:13:38.953Z] > git cat-file -s 2ab992c91825019dcd3c6ea6be09891cb7ae125c [6ms]
[2022-10-14T03:13:49.812Z] > git show --textconv :css/flat-ui.min.css [8ms]
[2022-10-14T03:13:49.815Z] > git ls-files --stage -- /var/blog/css/flat-ui.min.css [4ms]
[2022-10-14T03:13:49.823Z] > git cat-file -s 7e62ecbcb98a6e2b486051ed7eb65a010611c85b [3ms]
[2022-10-14T03:13:50.896Z] > git show --textconv :index.html [34ms]
[2022-10-14T03:13:50.897Z] > git ls-files --stage -- /var/blog/index.html [14ms]
[2022-10-14T03:13:50.914Z] > git cat-file -s 2ab992c91825019dcd3c6ea6be09891cb7ae125c [8ms]
[2022-10-14T03:13:55.124Z] > git show --textconv :css/DPlayer.min.css [10ms]
[2022-10-14T03:13:55.128Z] > git ls-files --stage -- /var/blog/css/DPlayer.min.css [7ms]
[2022-10-14T03:13:55.134Z] > git cat-file -s d023f0c13319dfc388233715674869439fffcda3 [3ms]
[2022-10-14T03:14:07.245Z] > git show --textconv :css/flat-ui.min.css [8ms]
[2022-10-14T03:14:07.249Z] > git ls-files --stage -- /var/blog/css/flat-ui.min.css [5ms]
[2022-10-14T03:14:07.255Z] > git cat-file -s 7e62ecbcb98a6e2b486051ed7eb65a010611c85b [3ms]
[2022-10-14T03:14:14.566Z] > git show --textconv :index.html [21ms]
[2022-10-14T03:14:14.566Z] > git ls-files --stage -- /var/blog/index.html [12ms]
[2022-10-14T03:14:14.579Z] > git cat-file -s 2ab992c91825019dcd3c6ea6be09891cb7ae125c [5ms]
[2022-10-14T03:14:20.245Z] > git show --textconv :css/loading.css [11ms]
[2022-10-14T03:14:20.249Z] > git ls-files --stage -- /var/blog/css/loading.css [5ms]
[2022-10-14T03:14:20.255Z] > git cat-file -s 5cd4b3ad18b428431f112f3f25c81dafbe6f4814 [2ms]
[2022-10-14T03:14:33.460Z] > git show --textconv :css/DPlayer.min.css [10ms]
[2022-10-14T03:14:33.465Z] > git ls-files --stage -- /var/blog/css/DPlayer.min.css [6ms]
[2022-10-14T03:14:33.472Z] > git cat-file -s d023f0c13319dfc388233715674869439fffcda3 [3ms]
[2022-10-14T03:14:34.657Z] > git show --textconv :css/flat-ui.min.css [22ms]
[2022-10-14T03:14:34.665Z] > git ls-files --stage -- /var/blog/css/flat-ui.min.css [19ms]
[2022-10-14T03:14:34.673Z] > git cat-file -s 7e62ecbcb98a6e2b486051ed7eb65a010611c85b [2ms]
[2022-10-14T03:14:37.233Z] > git check-ignore -v -z --stdin [5ms]
[2022-10-14T03:14:39.617Z] > git check-ignore -v -z --stdin [3ms]
[2022-10-14T03:14:42.136Z] > git check-ignore -v -z --stdin [3ms]
[2022-10-14T03:14:44.931Z] > git check-ignore -v -z --stdin [4ms]
[2022-10-14T03:14:46.465Z] > git show --textconv :2017/12/28/QA/index.html [15ms]
[2022-10-14T03:14:46.472Z] > git ls-files --stage -- /var/blog/2017/12/28/QA/index.html [10ms]
[2022-10-14T03:14:46.485Z] > git cat-file -s 4397998258a39c4f73f4b6b22f10dbf9649e9699 [3ms]
[2022-10-14T03:14:53.330Z] > git check-ignore -v -z --stdin [5ms]
[2022-10-14T03:14:55.639Z] > git check-ignore -v -z --stdin [5ms]
[2022-10-14T03:15:26.524Z] > git check-ignore -v -z --stdin [4ms]
[2022-10-14T03:15:28.891Z] > git check-ignore -v -z --stdin [3ms]
[2022-10-14T03:15:37.928Z] > git show --textconv :css/flat-ui.min.css [7ms]
[2022-10-14T03:15:37.932Z] > git ls-files --stage -- /var/blog/css/flat-ui.min.css [4ms]
[2022-10-14T03:15:37.938Z] > git cat-file -s 7e62ecbcb98a6e2b486051ed7eb65a010611c85b [2ms]
[2022-10-14T03:15:49.438Z] > git show --textconv :css/flat-ui.min.css [8ms]
[2022-10-14T03:15:49.441Z] > git ls-files --stage -- /var/blog/css/flat-ui.min.css [4ms]
[2022-10-14T03:15:49.447Z] > git cat-file -s 7e62ecbcb98a6e2b486051ed7eb65a010611c85b [2ms]
[2022-10-14T03:15:56.807Z] > git check-ignore -v -z --stdin [4ms]
[2022-10-14T03:15:58.712Z] > git check-ignore -v -z --stdin [3ms]
[2022-10-14T03:16:00.928Z] > git check-ignore -v -z --stdin [5ms]
[2022-10-14T03:16:04.765Z] > git show --textconv :2018/01/25/前端自动化测试/index.html [58ms]
[2022-10-14T03:16:04.766Z] > git ls-files --stage -- /var/blog/2018/01/25/前端自动化测试/index.html [44ms]
[2022-10-14T03:16:04.873Z] > git cat-file -s f7d2166e0de12a9fdf9f5c191dac96dbce9eee48 [58ms]
[2022-10-14T03:16:21.530Z] > git check-ignore -v -z --stdin [6ms]
[2022-10-14T03:16:23.601Z] > git check-ignore -v -z --stdin [4ms]
[2022-10-14T03:16:30.889Z] > git show --textconv :2018/06/29/目前为止最大也是最喜欢的个人项目-跨平台音乐播放器xbyjMusic/index.html [12ms]
[2022-10-14T03:16:30.890Z] > git ls-files --stage -- /var/blog/2018/06/29/目前为止最大也是最喜欢的个人项目-跨平台音乐播放器xbyjMusic/index.html [6ms]
[2022-10-14T03:16:30.898Z] > git cat-file -s e9084d315bc86004fc8db82bbbe3d05633a0c1be [4ms]
[2022-10-14T03:17:34.756Z] > git check-ignore -v -z --stdin [4ms]
[2022-10-14T03:17:40.800Z] > git check-ignore -v -z --stdin [6ms]
[2022-10-14T03:17:46.571Z] > git check-ignore -v -z --stdin [4ms]
[2022-10-14T03:17:47.110Z] > git check-ignore -v -z --stdin [3ms]
[2022-10-14T03:17:59.295Z] > git check-ignore -v -z --stdin [4ms]
[2022-10-14T03:18:09.894Z] > git check-ignore -v -z --stdin [3ms]
[2022-10-14T03:18:12.643Z] > git check-ignore -v -z --stdin [4ms]
[2022-10-14T03:18:15.483Z] > git check-ignore -v -z --stdin [3ms]
[2022-10-14T03:18:17.321Z] > git check-ignore -v -z --stdin [5ms]
[2022-10-14T03:18:18.991Z] > git check-ignore -v -z --stdin [3ms]
[2022-10-14T03:18:23.070Z] > git check-ignore -v -z --stdin [3ms]
[2022-10-14T03:18:37.376Z] > git show --textconv :css/DPlayer.min.css [11ms]
[2022-10-14T03:18:37.380Z] > git ls-files --stage -- /var/blog/css/DPlayer.min.css [7ms]
[2022-10-14T03:18:37.388Z] > git cat-file -s d023f0c13319dfc388233715674869439fffcda3 [3ms]
[2022-10-14T03:19:06.678Z] > git check-ignore -v -z --stdin [25ms]
[2022-10-14T03:19:14.884Z] > git ls-files --stage -- /var/blog/index.html [6ms]
[2022-10-14T03:19:14.889Z] > git show --textconv :index.html [19ms]
[2022-10-14T03:19:14.894Z] > git cat-file -s 2ab992c91825019dcd3c6ea6be09891cb7ae125c [6ms]
[2022-10-14T03:20:19.411Z] > git check-ignore -v -z --stdin [3ms]
[2022-10-14T03:20:24.681Z] > git show --textconv :archives/index.html [8ms]
[2022-10-14T03:20:24.684Z] > git ls-files --stage -- /var/blog/archives/index.html [6ms]
[2022-10-14T03:20:24.691Z] > git cat-file -s 4263256793d7d09672b20d83ac5c557fa56a91bb [2ms]
[2022-10-14T03:20:56.203Z] > git show --textconv :index.html [11ms]
[2022-10-14T03:20:56.209Z] > git ls-files --stage -- /var/blog/index.html [7ms]
[2022-10-14T03:20:56.216Z] > git cat-file -s 2ab992c91825019dcd3c6ea6be09891cb7ae125c [2ms]
[2022-10-14T03:20:58.011Z] > git show --textconv :css/loading.css [12ms]
[2022-10-14T03:20:58.015Z] > git ls-files --stage -- /var/blog/css/loading.css [8ms]
[2022-10-14T03:20:58.022Z] > git cat-file -s 5cd4b3ad18b428431f112f3f25c81dafbe6f4814 [3ms]
[2022-10-14T03:20:58.751Z] > git show --textconv :index.html [12ms]
[2022-10-14T03:20:58.755Z] > git ls-files --stage -- /var/blog/index.html [9ms]
[2022-10-14T03:20:58.762Z] > git cat-file -s 2ab992c91825019dcd3c6ea6be09891cb7ae125c [3ms]
[2022-10-14T03:20:59.614Z] > git show --textconv :css/loading.css [10ms]
[2022-10-14T03:20:59.617Z] > git ls-files --stage -- /var/blog/css/loading.css [4ms]
[2022-10-14T03:20:59.624Z] > git cat-file -s 5cd4b3ad18b428431f112f3f25c81dafbe6f4814 [2ms]
[2022-10-14T03:21:03.234Z] > git show --textconv :index.html [12ms]
[2022-10-14T03:21:03.238Z] > git ls-files --stage -- /var/blog/index.html [8ms]
[2022-10-14T03:21:03.244Z] > git cat-file -s 2ab992c91825019dcd3c6ea6be09891cb7ae125c [2ms]
[2022-10-14T03:21:07.485Z] > git show --textconv :2018/06/29/目前为止最大也是最喜欢的个人项目-跨平台音乐播放器xbyjMusic/index.html [23ms]
[2022-10-14T03:21:07.488Z] > git ls-files --stage -- /var/blog/2018/06/29/目前为止最大也是最喜欢的个人项目-跨平台音乐播放器xbyjMusic/index.html [14ms]
[2022-10-14T03:21:07.527Z] > git cat-file -s e9084d315bc86004fc8db82bbbe3d05633a0c1be [20ms]
[2022-10-14T03:21:50.625Z] > git show --textconv :index.html [11ms]
[2022-10-14T03:21:50.630Z] > git ls-files --stage -- /var/blog/index.html [6ms]
[2022-10-14T03:21:50.637Z] > git cat-file -s 2ab992c91825019dcd3c6ea6be09891cb7ae125c [3ms]
[2022-10-14T03:21:54.697Z] > git show --textconv :css/loading.css [7ms]
[2022-10-14T03:21:54.701Z] > git ls-files --stage -- /var/blog/css/loading.css [4ms]
[2022-10-14T03:21:54.708Z] > git cat-file -s 5cd4b3ad18b428431f112f3f25c81dafbe6f4814 [3ms]
[2022-10-14T03:21:55.998Z] > git show --textconv :index.html [10ms]
[2022-10-14T03:21:56.004Z] > git ls-files --stage -- /var/blog/index.html [7ms]
[2022-10-14T03:21:56.011Z] > git cat-file -s 2ab992c91825019dcd3c6ea6be09891cb7ae125c [3ms]
[2022-10-14T03:21:58.971Z] > git show --textconv :css/loading.css [12ms]
[2022-10-14T03:21:58.973Z] > git ls-files --stage -- /var/blog/css/loading.css [7ms]
[2022-10-14T03:21:58.979Z] > git cat-file -s 5cd4b3ad18b428431f112f3f25c81dafbe6f4814 [2ms]
[2022-10-14T03:22:04.108Z] > git show --textconv :index.html [13ms]
[2022-10-14T03:22:04.113Z] > git ls-files --stage -- /var/blog/index.html [7ms]
[2022-10-14T03:22:04.119Z] > git cat-file -s 2ab992c91825019dcd3c6ea6be09891cb7ae125c [2ms]
