[2022-10-14T03:29:54.765Z] Log level: Info
[2022-10-14T03:29:54.795Z] [info] Validating found git in: git
[2022-10-14T03:29:54.947Z] [info] Using git 2.30.2 from git
[2022-10-14T03:29:55.216Z] > git rev-parse --show-toplevel [182ms]
[2022-10-14T03:29:55.290Z] > git rev-parse --git-dir --git-common-dir [18ms]
[2022-10-14T03:29:55.334Z] [info] Open repository: /var/blog
[2022-10-14T03:29:55.403Z] > git rev-parse --show-toplevel [17ms]
[2022-10-14T03:29:55.450Z] > git rev-parse --show-toplevel [12ms]
[2022-10-14T03:29:55.488Z] > git rev-parse --show-toplevel [12ms]
[2022-10-14T03:29:55.517Z] > git rev-parse --show-toplevel [11ms]
[2022-10-14T03:29:55.547Z] > git rev-parse --show-toplevel [16ms]
[2022-10-14T03:29:55.574Z] > git rev-parse --show-toplevel [17ms]
[2022-10-14T03:29:55.777Z] > git rev-parse --show-toplevel [185ms]
[2022-10-14T03:29:55.893Z] > git rev-parse --show-toplevel [94ms]
[2022-10-14T03:29:55.970Z] > git rev-parse --show-toplevel [25ms]
[2022-10-14T03:29:56.063Z] > git rev-parse --show-toplevel [57ms]
[2022-10-14T03:29:56.164Z] > git rev-parse --show-toplevel [76ms]
[2022-10-14T03:29:56.280Z] > git rev-parse --show-toplevel [69ms]
[2022-10-14T03:29:56.328Z] > git rev-parse --show-toplevel [34ms]
[2022-10-14T03:29:56.370Z] > git rev-parse --show-toplevel [22ms]
[2022-10-14T03:29:56.434Z] > git rev-parse --show-toplevel [35ms]
[2022-10-14T03:29:56.462Z] > git check-ignore -v -z --stdin [45ms]
[2022-10-14T03:29:56.476Z] > git rev-parse --show-toplevel [16ms]
[2022-10-14T03:29:56.655Z] > git ls-files --stage -- /var/blog/index.html [14ms]
[2022-10-14T03:29:56.671Z] > git show --textconv :index.html [46ms]
[2022-10-14T03:29:56.689Z] > git cat-file -s 2ab992c91825019dcd3c6ea6be09891cb7ae125c [21ms]
[2022-10-14T03:29:56.892Z] > git status -z -uall [1522ms]
[2022-10-14T03:29:56.911Z] > git symbolic-ref --short HEAD [4ms]
[2022-10-14T03:29:56.971Z] > git for-each-ref --format=%(refname)%00%(upstream:short)%00%(objectname)%00%(upstream:track)%00%(upstream:remotename)%00%(upstream:remoteref) refs/heads/gh-pages refs/remotes/gh-pages [45ms]
[2022-10-14T03:29:56.997Z] > git for-each-ref --sort -committerdate --format %(refname) %(objectname) %(*objectname) [17ms]
[2022-10-14T03:29:57.001Z] > git remote --verbose [11ms]
[2022-10-14T03:29:57.074Z] > git config --get commit.template [35ms]
[2022-10-14T03:29:58.190Z] > git status -z -uall [1098ms]
[2022-10-14T03:29:58.234Z] > git symbolic-ref --short HEAD [14ms]
[2022-10-14T03:29:58.266Z] > git for-each-ref --format=%(refname)%00%(upstream:short)%00%(objectname)%00%(upstream:track)%00%(upstream:remotename)%00%(upstream:remoteref) refs/heads/gh-pages refs/remotes/gh-pages [15ms]
[2022-10-14T03:29:58.306Z] > git for-each-ref --sort -committerdate --format %(refname) %(objectname) %(*objectname) [28ms]
[2022-10-14T03:29:58.307Z] > git remote --verbose [13ms]
[2022-10-14T03:29:58.339Z] > git config --get commit.template [5ms]
[2022-10-14T03:31:37.425Z] > git check-ignore -v -z --stdin [49ms]
[2022-10-14T03:31:41.398Z] > git check-ignore -v -z --stdin [3ms]
[2022-10-14T03:32:34.809Z] > git ls-files --stage -- /var/blog/index.html [5ms]
[2022-10-14T03:32:34.820Z] > git show --textconv :index.html [25ms]
[2022-10-14T03:32:34.824Z] > git cat-file -s 2ab992c91825019dcd3c6ea6be09891cb7ae125c [9ms]
[2022-10-14T03:33:08.464Z] > git check-ignore -v -z --stdin [53ms]
[2022-10-14T03:33:10.850Z] > git check-ignore -v -z --stdin [4ms]
[2022-10-14T03:33:42.504Z] > git check-ignore -v -z --stdin [18ms]
[2022-10-14T03:33:42.854Z] > git ls-files --stage -- /var/blog/2018/02/04/纪念下我第一篇阅读量破万的技术贴/index.html [12ms]
[2022-10-14T03:33:42.877Z] > git show --textconv :2018/02/04/纪念下我第一篇阅读量破万的技术贴/index.html [46ms]
[2022-10-14T03:33:42.895Z] > git cat-file -s 14ac8fc2b1834b9c99667c66139be8694b1b80c1 [20ms]
[2022-10-14T03:34:43.469Z] > git check-ignore -v -z --stdin [33ms]
[2022-10-14T03:34:43.902Z] > git ls-files --stage -- /var/blog/2018/04/05/自己实现一个vue双向数据绑定的demo/index.html [7ms]
[2022-10-14T03:34:43.910Z] > git show --textconv :2018/04/05/自己实现一个vue双向数据绑定的demo/index.html [24ms]
[2022-10-14T03:34:43.915Z] > git cat-file -s 9b681f9aa304663545ab0d4a8eb18c29f7a3be8e [8ms]
[2022-10-14T03:35:27.511Z] > git show --textconv :2018/02/04/纪念下我第一篇阅读量破万的技术贴/index.html [21ms]
[2022-10-14T03:35:27.515Z] > git ls-files --stage -- /var/blog/2018/02/04/纪念下我第一篇阅读量破万的技术贴/index.html [5ms]
[2022-10-14T03:35:27.544Z] > git cat-file -s 14ac8fc2b1834b9c99667c66139be8694b1b80c1 [10ms]
[2022-10-14T03:36:45.214Z] > git check-ignore -v -z --stdin [5ms]
[2022-10-14T03:37:51.252Z] > git check-ignore -v -z --stdin [4ms]
[2022-10-14T03:37:54.683Z] > git show --textconv :index.html [16ms]
[2022-10-14T03:37:54.687Z] > git ls-files --stage -- /var/blog/index.html [12ms]
[2022-10-14T03:37:54.696Z] > git cat-file -s 2ab992c91825019dcd3c6ea6be09891cb7ae125c [4ms]
[2022-10-14T03:46:26.820Z] > git show --textconv :css/flat-ui.min.css [16ms]
[2022-10-14T03:46:26.822Z] > git ls-files --stage -- /var/blog/css/flat-ui.min.css [6ms]
[2022-10-14T03:46:26.829Z] > git cat-file -s 7e62ecbcb98a6e2b486051ed7eb65a010611c85b [3ms]
[2022-10-14T03:46:27.747Z] > git check-ignore -v -z --stdin [4ms]
[2022-10-14T03:46:37.254Z] > git show --textconv :css/DPlayer.min.css [14ms]
[2022-10-14T03:46:37.258Z] > git ls-files --stage -- /var/blog/css/DPlayer.min.css [9ms]
[2022-10-14T03:46:37.265Z] > git cat-file -s d023f0c13319dfc388233715674869439fffcda3 [3ms]
