[2022-10-14T07:25:48.507Z] Log level: Info
[2022-10-14T07:25:48.532Z] [info] Validating found git in: git
[2022-10-14T07:25:48.696Z] [info] Using git 2.30.2 from git
[2022-10-14T07:25:48.780Z] > git rev-parse --show-toplevel [65ms]
[2022-10-14T07:25:48.809Z] > git rev-parse --git-dir --git-common-dir [9ms]
[2022-10-14T07:25:48.831Z] [info] Open repository: /var/blog
[2022-10-14T07:25:48.891Z] > git rev-parse --show-toplevel [3ms]
[2022-10-14T07:25:48.933Z] > git rev-parse --show-toplevel [15ms]
[2022-10-14T07:25:48.964Z] > git rev-parse --show-toplevel [16ms]
[2022-10-14T07:25:48.996Z] > git rev-parse --show-toplevel [14ms]
[2022-10-14T07:25:49.030Z] > git rev-parse --show-toplevel [26ms]
[2022-10-14T07:25:49.050Z] > git rev-parse --show-toplevel [12ms]
[2022-10-14T07:25:49.083Z] > git rev-parse --show-toplevel [10ms]
[2022-10-14T07:25:49.121Z] > git rev-parse --show-toplevel [27ms]
[2022-10-14T07:25:49.176Z] > git rev-parse --show-toplevel [35ms]
[2022-10-14T07:25:49.361Z] > git rev-parse --show-toplevel [167ms]
[2022-10-14T07:25:49.418Z] > git rev-parse --show-toplevel [45ms]
[2022-10-14T07:25:49.452Z] > git rev-parse --show-toplevel [10ms]
[2022-10-14T07:25:49.495Z] > git rev-parse --show-toplevel [29ms]
[2022-10-14T07:25:49.523Z] > git rev-parse --show-toplevel [12ms]
[2022-10-14T07:25:49.548Z] > git rev-parse --show-toplevel [11ms]
[2022-10-14T07:25:49.587Z] > git rev-parse --show-toplevel [18ms]
[2022-10-14T07:25:49.623Z] > git rev-parse --show-toplevel [16ms]
[2022-10-14T07:25:49.875Z] > git show --textconv :css/DPlayer.min.css [47ms]
[2022-10-14T07:25:49.880Z] > git ls-files --stage -- /var/blog/css/DPlayer.min.css [21ms]
[2022-10-14T07:25:49.903Z] > git cat-file -s d023f0c13319dfc388233715674869439fffcda3 [12ms]
[2022-10-14T07:25:49.947Z] > git check-ignore -v -z --stdin [20ms]
[2022-10-14T07:25:50.063Z] > git status -z -uall [1193ms]
[2022-10-14T07:25:50.072Z] > git symbolic-ref --short HEAD [4ms]
[2022-10-14T07:25:50.081Z] > git for-each-ref --format=%(refname)%00%(upstream:short)%00%(objectname)%00%(upstream:track)%00%(upstream:remotename)%00%(upstream:remoteref) refs/heads/gh-pages refs/remotes/gh-pages [5ms]
[2022-10-14T07:25:50.095Z] > git for-each-ref --sort -committerdate --format %(refname) %(objectname) %(*objectname) [8ms]
[2022-10-14T07:25:50.097Z] > git remote --verbose [7ms]
[2022-10-14T07:25:50.111Z] > git config --get commit.template [3ms]
[2022-10-14T07:25:50.340Z] > git status -z -uall [219ms]
[2022-10-14T07:25:50.347Z] > git symbolic-ref --short HEAD [2ms]
[2022-10-14T07:25:50.353Z] > git for-each-ref --format=%(refname)%00%(upstream:short)%00%(objectname)%00%(upstream:track)%00%(upstream:remotename)%00%(upstream:remoteref) refs/heads/gh-pages refs/remotes/gh-pages [3ms]
[2022-10-14T07:25:50.363Z] > git for-each-ref --sort -committerdate --format %(refname) %(objectname) %(*objectname) [5ms]
[2022-10-14T07:25:50.365Z] > git remote --verbose [3ms]
[2022-10-14T07:25:50.374Z] > git config --get commit.template [2ms]
[2022-10-14T07:25:54.703Z] > git show --textconv :css/flat-ui.min.css [9ms]
[2022-10-14T07:25:54.708Z] > git ls-files --stage -- /var/blog/css/flat-ui.min.css [8ms]
[2022-10-14T07:25:54.715Z] > git cat-file -s 7e62ecbcb98a6e2b486051ed7eb65a010611c85b [2ms]
[2022-10-14T07:25:55.745Z] > git show --textconv :index.html [34ms]
[2022-10-14T07:25:55.749Z] > git ls-files --stage -- /var/blog/index.html [26ms]
[2022-10-14T07:25:55.782Z] > git cat-file -s 2ab992c91825019dcd3c6ea6be09891cb7ae125c [14ms]
[2022-10-14T07:33:59.709Z] > git status -z -uall [571ms]
[2022-10-14T07:33:59.725Z] > git symbolic-ref --short HEAD [6ms]
[2022-10-14T07:33:59.738Z] > git for-each-ref --format=%(refname)%00%(upstream:short)%00%(objectname)%00%(upstream:track)%00%(upstream:remotename)%00%(upstream:remoteref) refs/heads/gh-pages refs/remotes/gh-pages [5ms]
[2022-10-14T07:33:59.750Z] > git for-each-ref --sort -committerdate --format %(refname) %(objectname) %(*objectname) [8ms]
[2022-10-14T07:33:59.754Z] > git remote --verbose [8ms]
[2022-10-14T07:33:59.794Z] > git config --get commit.template [12ms]
[2022-10-14T07:34:00.384Z] > git check-ignore -v -z --stdin [4ms]
[2022-10-14T07:37:51.258Z] > git status -z -uall [573ms]
[2022-10-14T07:37:51.278Z] > git symbolic-ref --short HEAD [4ms]
[2022-10-14T07:37:51.293Z] > git for-each-ref --format=%(refname)%00%(upstream:short)%00%(objectname)%00%(upstream:track)%00%(upstream:remotename)%00%(upstream:remoteref) refs/heads/gh-pages refs/remotes/gh-pages [5ms]
[2022-10-14T07:37:51.306Z] > git for-each-ref --sort -committerdate --format %(refname) %(objectname) %(*objectname) [9ms]
[2022-10-14T07:37:51.308Z] > git remote --verbose [5ms]
[2022-10-14T07:37:51.343Z] > git config --get commit.template [3ms]
[2022-10-14T07:37:55.825Z] > git check-ignore -v -z --stdin [5ms]
[2022-10-14T07:37:57.111Z] > git show --textconv :md_html/test.py [9ms]
[2022-10-14T07:37:57.116Z] > git ls-files --stage -- /var/blog/md_html/test.py [6ms]
[2022-10-14T07:39:04.031Z] > git show --textconv :css/flat-ui.min.css [12ms]
[2022-10-14T07:39:04.033Z] > git ls-files --stage -- /var/blog/css/flat-ui.min.css [7ms]
[2022-10-14T07:39:04.039Z] > git cat-file -s 7e62ecbcb98a6e2b486051ed7eb65a010611c85b [2ms]
[2022-10-14T07:39:15.090Z] > git show --textconv :md_html/test.py [7ms]
[2022-10-14T07:39:15.093Z] > git ls-files --stage -- /var/blog/md_html/test.py [4ms]
[2022-10-14T07:39:25.520Z] > git check-ignore -v -z --stdin [7ms]
[2022-10-14T07:40:01.007Z] > git status -z -uall [358ms]
[2022-10-14T07:40:01.016Z] > git symbolic-ref --short HEAD [3ms]
[2022-10-14T07:40:01.028Z] > git for-each-ref --format=%(refname)%00%(upstream:short)%00%(objectname)%00%(upstream:track)%00%(upstream:remotename)%00%(upstream:remoteref) refs/heads/gh-pages refs/remotes/gh-pages [3ms]
[2022-10-14T07:40:01.043Z] > git for-each-ref --sort -committerdate --format %(refname) %(objectname) %(*objectname) [10ms]
[2022-10-14T07:40:01.047Z] > git remote --verbose [9ms]
[2022-10-14T07:40:01.062Z] > git config --get commit.template [4ms]
[2022-10-14T07:40:11.424Z] > git status -z -uall [234ms]
[2022-10-14T07:40:11.440Z] > git symbolic-ref --short HEAD [4ms]
[2022-10-14T07:40:11.449Z] > git for-each-ref --format=%(refname)%00%(upstream:short)%00%(objectname)%00%(upstream:track)%00%(upstream:remotename)%00%(upstream:remoteref) refs/heads/gh-pages refs/remotes/gh-pages [3ms]
[2022-10-14T07:40:11.462Z] > git for-each-ref --sort -committerdate --format %(refname) %(objectname) %(*objectname) [6ms]
[2022-10-14T07:40:11.464Z] > git remote --verbose [3ms]
[2022-10-14T07:40:11.473Z] > git config --get commit.template [2ms]
[2022-10-14T07:40:12.429Z] > git check-ignore -v -z --stdin [4ms]
[2022-10-14T07:40:36.974Z] > git show --textconv :md_html/hello.md [10ms]
[2022-10-14T07:40:36.981Z] > git ls-files --stage -- /var/blog/md_html/hello.md [9ms]
[2022-10-14T07:40:47.299Z] > git status -z -uall [226ms]
[2022-10-14T07:40:47.308Z] > git symbolic-ref --short HEAD [3ms]
[2022-10-14T07:40:47.315Z] > git for-each-ref --format=%(refname)%00%(upstream:short)%00%(objectname)%00%(upstream:track)%00%(upstream:remotename)%00%(upstream:remoteref) refs/heads/gh-pages refs/remotes/gh-pages [2ms]
[2022-10-14T07:40:47.326Z] > git for-each-ref --sort -committerdate --format %(refname) %(objectname) %(*objectname) [7ms]
[2022-10-14T07:40:47.330Z] > git remote --verbose [5ms]
[2022-10-14T07:40:47.341Z] > git config --get commit.template [2ms]
[2022-10-14T07:41:07.121Z] > git show --textconv :md_html/test.py [12ms]
[2022-10-14T07:41:07.132Z] > git ls-files --stage -- /var/blog/md_html/test.py [12ms]
[2022-10-14T07:41:43.957Z] > git status -z -uall [246ms]
[2022-10-14T07:41:43.966Z] > git symbolic-ref --short HEAD [3ms]
[2022-10-14T07:41:43.977Z] > git for-each-ref --format=%(refname)%00%(upstream:short)%00%(objectname)%00%(upstream:track)%00%(upstream:remotename)%00%(upstream:remoteref) refs/heads/gh-pages refs/remotes/gh-pages [6ms]
[2022-10-14T07:41:43.989Z] > git for-each-ref --sort -committerdate --format %(refname) %(objectname) %(*objectname) [7ms]
[2022-10-14T07:41:43.991Z] > git remote --verbose [4ms]
[2022-10-14T07:41:44.002Z] > git config --get commit.template [3ms]
[2022-10-14T07:41:44.966Z] > git check-ignore -v -z --stdin [5ms]
[2022-10-14T07:41:49.231Z] > git show --textconv :md_html/hello.html [8ms]
[2022-10-14T07:41:49.234Z] > git ls-files --stage -- /var/blog/md_html/hello.html [4ms]
[2022-10-14T07:42:29.727Z] > git show --textconv :md_html/hello.md [13ms]
[2022-10-14T07:42:29.734Z] > git ls-files --stage -- /var/blog/md_html/hello.md [8ms]
[2022-10-14T07:43:23.206Z] > git status -z -uall [221ms]
[2022-10-14T07:43:23.216Z] > git symbolic-ref --short HEAD [3ms]
[2022-10-14T07:43:23.223Z] > git for-each-ref --format=%(refname)%00%(upstream:short)%00%(objectname)%00%(upstream:track)%00%(upstream:remotename)%00%(upstream:remoteref) refs/heads/gh-pages refs/remotes/gh-pages [2ms]
[2022-10-14T07:43:23.233Z] > git for-each-ref --sort -committerdate --format %(refname) %(objectname) %(*objectname) [6ms]
[2022-10-14T07:43:23.235Z] > git remote --verbose [3ms]
[2022-10-14T07:43:23.245Z] > git config --get commit.template [2ms]
[2022-10-14T07:43:39.534Z] > git status -z -uall [296ms]
[2022-10-14T07:43:39.548Z] > git symbolic-ref --short HEAD [5ms]
[2022-10-14T07:43:39.559Z] > git for-each-ref --format=%(refname)%00%(upstream:short)%00%(objectname)%00%(upstream:track)%00%(upstream:remotename)%00%(upstream:remoteref) refs/heads/gh-pages refs/remotes/gh-pages [4ms]
[2022-10-14T07:43:39.575Z] > git for-each-ref --sort -committerdate --format %(refname) %(objectname) %(*objectname) [10ms]
[2022-10-14T07:43:39.578Z] > git remote --verbose [5ms]
[2022-10-14T07:43:39.595Z] > git config --get commit.template [2ms]
[2022-10-14T07:43:41.022Z] > git show --textconv :md_html/hello.html [9ms]
[2022-10-14T07:43:41.026Z] > git ls-files --stage -- /var/blog/md_html/hello.html [5ms]
[2022-10-14T07:46:00.516Z] > git show --textconv :md_html/hello.md [9ms]
[2022-10-14T07:46:00.520Z] > git ls-files --stage -- /var/blog/md_html/hello.md [4ms]
[2022-10-14T07:46:02.277Z] > git show --textconv :md_html/test.py [13ms]
[2022-10-14T07:46:02.280Z] > git ls-files --stage -- /var/blog/md_html/test.py [4ms]
[2022-10-14T07:46:04.417Z] > git show --textconv :md_html/hello.html [7ms]
[2022-10-14T07:46:04.420Z] > git ls-files --stage -- /var/blog/md_html/hello.html [4ms]
[2022-10-14T07:46:06.132Z] > git show --textconv :md_html/hello.md [10ms]
[2022-10-14T07:46:06.137Z] > git ls-files --stage -- /var/blog/md_html/hello.md [6ms]
[2022-10-14T07:46:08.123Z] > git show --textconv :md_html/test.py [7ms]
[2022-10-14T07:46:08.126Z] > git ls-files --stage -- /var/blog/md_html/test.py [4ms]
[2022-10-14T07:46:20.319Z] > git show --textconv :md_html/hello.md [8ms]
[2022-10-14T07:46:20.323Z] > git ls-files --stage -- /var/blog/md_html/hello.md [4ms]
[2022-10-14T07:46:48.857Z] > git show --textconv :md_html/test.py [10ms]
[2022-10-14T07:46:48.860Z] > git ls-files --stage -- /var/blog/md_html/test.py [4ms]
[2022-10-14T07:46:49.706Z] > git ls-files --stage -- /var/blog/index.html [7ms]
[2022-10-14T07:46:49.712Z] > git show --textconv :index.html [22ms]
[2022-10-14T07:46:49.718Z] > git cat-file -s 2ab992c91825019dcd3c6ea6be09891cb7ae125c [6ms]
[2022-10-14T07:50:18.999Z] > git show --textconv :css/loading.css [17ms]
[2022-10-14T07:50:19.003Z] > git ls-files --stage -- /var/blog/css/loading.css [8ms]
[2022-10-14T07:50:19.012Z] > git cat-file -s 5cd4b3ad18b428431f112f3f25c81dafbe6f4814 [4ms]
[2022-10-14T07:50:26.258Z] > git show --textconv :md_html/hello.html [8ms]
[2022-10-14T07:50:26.261Z] > git ls-files --stage -- /var/blog/md_html/hello.html [4ms]
[2022-10-14T07:50:27.434Z] > git show --textconv :css/flat-ui.min.css [12ms]
[2022-10-14T07:50:27.438Z] > git ls-files --stage -- /var/blog/css/flat-ui.min.css [5ms]
[2022-10-14T07:50:27.445Z] > git cat-file -s 7e62ecbcb98a6e2b486051ed7eb65a010611c85b [2ms]
[2022-10-14T07:50:28.083Z] > git show --textconv :md_html/hello.html [6ms]
[2022-10-14T07:50:28.086Z] > git ls-files --stage -- /var/blog/md_html/hello.html [3ms]
[2022-10-14T07:50:29.180Z] > git show --textconv :css/flat-ui.min.css [25ms]
[2022-10-14T07:50:29.193Z] > git ls-files --stage -- /var/blog/css/flat-ui.min.css [32ms]
[2022-10-14T07:50:29.244Z] > git cat-file -s 7e62ecbcb98a6e2b486051ed7eb65a010611c85b [20ms]
[2022-10-14T07:50:30.112Z] > git show --textconv :index.html [13ms]
[2022-10-14T07:50:30.116Z] > git ls-files --stage -- /var/blog/index.html [10ms]
[2022-10-14T07:50:30.123Z] > git cat-file -s 2ab992c91825019dcd3c6ea6be09891cb7ae125c [2ms]
[2022-10-14T07:50:38.198Z] > git show --textconv :css/flat-ui.min.css [9ms]
[2022-10-14T07:50:38.202Z] > git ls-files --stage -- /var/blog/css/flat-ui.min.css [5ms]
[2022-10-14T07:50:38.208Z] > git cat-file -s 7e62ecbcb98a6e2b486051ed7eb65a010611c85b [2ms]
[2022-10-14T07:50:39.156Z] > git show --textconv :css/loading.css [9ms]
[2022-10-14T07:50:39.158Z] > git ls-files --stage -- /var/blog/css/loading.css [4ms]
[2022-10-14T07:50:39.165Z] > git cat-file -s 5cd4b3ad18b428431f112f3f25c81dafbe6f4814 [2ms]
[2022-10-14T07:51:10.573Z] > git show --textconv :index.html [14ms]
[2022-10-14T07:51:10.574Z] > git ls-files --stage -- /var/blog/index.html [7ms]
[2022-10-14T07:51:10.583Z] > git cat-file -s 2ab992c91825019dcd3c6ea6be09891cb7ae125c [4ms]
[2022-10-14T08:32:42.410Z] > git show --textconv :css/loading.css [11ms]
[2022-10-14T08:32:42.413Z] > git ls-files --stage -- /var/blog/css/loading.css [6ms]
[2022-10-14T08:32:42.421Z] > git cat-file -s 5cd4b3ad18b428431f112f3f25c81dafbe6f4814 [2ms]
[2022-10-14T08:32:44.573Z] > git show --textconv :md_html/test.py [7ms]
[2022-10-14T08:32:44.577Z] > git ls-files --stage -- /var/blog/md_html/test.py [4ms]
[2022-10-14T08:32:45.538Z] > git show --textconv :index.html [15ms]
[2022-10-14T08:32:45.545Z] > git ls-files --stage -- /var/blog/index.html [8ms]
[2022-10-14T08:32:45.553Z] > git cat-file -s 2ab992c91825019dcd3c6ea6be09891cb7ae125c [2ms]
[2022-10-14T08:35:14.174Z] > git ls-files --stage -- /var/blog/index.html [7ms]
[2022-10-14T08:35:14.179Z] > git show --textconv :index.html [22ms]
[2022-10-14T08:35:14.185Z] > git cat-file -s 2ab992c91825019dcd3c6ea6be09891cb7ae125c [6ms]
[2022-10-14T08:35:15.370Z] > git show --textconv :md_html/test.py [8ms]
[2022-10-14T08:35:15.373Z] > git ls-files --stage -- /var/blog/md_html/test.py [4ms]
[2022-10-14T08:35:19.794Z] > git show --textconv :index.html [16ms]
[2022-10-14T08:35:19.798Z] > git ls-files --stage -- /var/blog/index.html [10ms]
[2022-10-14T08:35:19.808Z] > git cat-file -s 2ab992c91825019dcd3c6ea6be09891cb7ae125c [5ms]
[2022-10-14T08:41:39.317Z] > git ls-files --stage -- /var/blog/index.html [24ms]
[2022-10-14T08:41:39.328Z] > git cat-file -s 2ab992c91825019dcd3c6ea6be09891cb7ae125c [3ms]
[2022-10-14T08:41:39.333Z] > git show --textconv :index.html [52ms]
[2022-10-14T08:44:43.870Z] > git status -z -uall [634ms]
[2022-10-14T08:44:43.933Z] > git symbolic-ref --short HEAD [52ms]
[2022-10-14T08:44:44.014Z] > git for-each-ref --format=%(refname)%00%(upstream:short)%00%(objectname)%00%(upstream:track)%00%(upstream:remotename)%00%(upstream:remoteref) refs/heads/gh-pages refs/remotes/gh-pages [38ms]
[2022-10-14T08:44:44.113Z] > git for-each-ref --sort -committerdate --format %(refname) %(objectname) %(*objectname) [57ms]
[2022-10-14T08:44:44.114Z] > git remote --verbose [49ms]
[2022-10-14T08:44:44.146Z] > git config --get commit.template [7ms]
[2022-10-14T08:46:04.980Z] > git check-ignore -v -z --stdin [6ms]
[2022-10-14T08:46:09.179Z] > git ls-files --stage -- /var/blog/index.html [7ms]
[2022-10-14T08:46:09.207Z] > git show --textconv :index.html [43ms]
[2022-10-14T08:46:09.207Z] > git cat-file -s 2ab992c91825019dcd3c6ea6be09891cb7ae125c [20ms]
[2022-10-14T08:46:09.214Z] > git check-ignore -v -z --stdin [10ms]
[2022-10-14T08:46:55.072Z] > git check-ignore -v -z --stdin [4ms]
[2022-10-14T08:47:07.777Z] > git status -z -uall [415ms]
[2022-10-14T08:47:07.795Z] > git symbolic-ref --short HEAD [6ms]
[2022-10-14T08:47:07.804Z] > git for-each-ref --format=%(refname)%00%(upstream:short)%00%(objectname)%00%(upstream:track)%00%(upstream:remotename)%00%(upstream:remoteref) refs/heads/gh-pages refs/remotes/gh-pages [3ms]
[2022-10-14T08:47:07.819Z] > git for-each-ref --sort -committerdate --format %(refname) %(objectname) %(*objectname) [10ms]
[2022-10-14T08:47:07.820Z] > git remote --verbose [5ms]
[2022-10-14T08:47:07.836Z] > git config --get commit.template [2ms]
[2022-10-14T08:47:09.853Z] > git check-ignore -v -z --stdin [33ms]
[2022-10-14T08:47:30.509Z] > git ls-files --stage -- /var/blog/index.html [5ms]
[2022-10-14T08:47:30.520Z] > git show --textconv :index.html [26ms]
[2022-10-14T08:47:30.525Z] > git cat-file -s 2ab992c91825019dcd3c6ea6be09891cb7ae125c [10ms]
[2022-10-14T08:47:56.197Z] > git status -z -uall [330ms]
[2022-10-14T08:47:56.210Z] > git symbolic-ref --short HEAD [3ms]
[2022-10-14T08:47:56.222Z] > git for-each-ref --format=%(refname)%00%(upstream:short)%00%(objectname)%00%(upstream:track)%00%(upstream:remotename)%00%(upstream:remoteref) refs/heads/gh-pages refs/remotes/gh-pages [4ms]
[2022-10-14T08:47:56.235Z] > git for-each-ref --sort -committerdate --format %(refname) %(objectname) %(*objectname) [8ms]
[2022-10-14T08:47:56.238Z] > git remote --verbose [5ms]
[2022-10-14T08:47:56.250Z] > git config --get commit.template [3ms]
[2022-10-14T08:48:46.809Z] > git status -z -uall [236ms]
[2022-10-14T08:48:46.819Z] > git symbolic-ref --short HEAD [4ms]
[2022-10-14T08:48:46.830Z] > git for-each-ref --format=%(refname)%00%(upstream:short)%00%(objectname)%00%(upstream:track)%00%(upstream:remotename)%00%(upstream:remoteref) refs/heads/gh-pages refs/remotes/gh-pages [4ms]
[2022-10-14T08:48:46.842Z] > git for-each-ref --sort -committerdate --format %(refname) %(objectname) %(*objectname) [7ms]
[2022-10-14T08:48:46.845Z] > git remote --verbose [4ms]
[2022-10-14T08:48:46.855Z] > git config --get commit.template [2ms]
[2022-10-14T08:52:11.479Z] > git check-ignore -v -z --stdin [6ms]
[2022-10-14T08:52:14.765Z] > git show --textconv :js/authorName.js [64ms]
[2022-10-14T08:52:14.765Z] > git ls-files --stage -- /var/blog/js/authorName.js [41ms]
[2022-10-14T08:52:14.830Z] > git cat-file -s f7ce9f60c4976deabc1e8d75b782a82e9d7ccf96 [32ms]
[2022-10-14T08:52:32.075Z] > git show --textconv :js/categories.js [177ms]
[2022-10-14T08:52:32.092Z] > git ls-files --stage -- /var/blog/js/categories.js [164ms]
[2022-10-14T08:52:32.172Z] > git cat-file -s eb2b13722efa261dab0222467a7d8b79210a4f86 [41ms]
[2022-10-14T08:52:39.108Z] > git show --textconv :js/DPlayer.min.js [39ms]
[2022-10-14T08:52:39.122Z] > git ls-files --stage -- /var/blog/js/DPlayer.min.js [32ms]
[2022-10-14T08:52:39.181Z] > git cat-file -s 66e7ec458d3fe5df285bb7aabbde4efb807f93c0 [23ms]
[2022-10-14T08:52:41.244Z] > git ls-files --stage -- /var/blog/js/flat-ui.min.js [42ms]
[2022-10-14T08:52:41.265Z] > git show --textconv :js/flat-ui.min.js [91ms]
[2022-10-14T08:52:41.288Z] > git cat-file -s ce88013bb233ea46dab6b6fb3579a277056c3527 [25ms]
[2022-10-14T08:52:44.425Z] > git ls-files --stage -- /var/blog/js/live2d.js [169ms]
[2022-10-14T08:52:44.534Z] > git show --textconv :js/live2d.js [330ms]
[2022-10-14T08:52:44.775Z] > git cat-file -s 3a92e4eae146f754a618a55669cabf043701e04a [242ms]
[2022-10-14T08:52:45.310Z] > git ls-files --stage -- /var/blog/js/meny.js [28ms]
[2022-10-14T08:52:45.349Z] > git show --textconv :js/meny.js [110ms]
[2022-10-14T08:52:45.360Z] > git cat-file -s af7c096b0b24bedeb1ca29fe43e774620ee72472 [11ms]
[2022-10-14T08:52:52.672Z] > git ls-files --stage -- /var/blog/js/sagiri.min.js [32ms]
[2022-10-14T08:52:52.753Z] > git show --textconv :js/sagiri.min.js [147ms]
[2022-10-14T08:52:52.773Z] > git cat-file -s df8d506cb09eeba741ebd34f294d2a22730e49dc [22ms]
[2022-10-14T08:52:55.762Z] > git ls-files --stage -- /var/blog/js/sagiri.min.js.map [54ms]
[2022-10-14T08:52:55.791Z] > git cat-file -s 256af4e02dc05a722f91afdcddeb456e31836d7d [11ms]
[2022-10-14T08:52:55.852Z] > git show --textconv :js/sagiri.min.js.map [154ms]
[2022-10-14T08:53:00.625Z] > git ls-files --stage -- /var/blog/js/waifu-tips.js [32ms]
[2022-10-14T08:53:00.669Z] > git show --textconv :js/waifu-tips.js [99ms]
[2022-10-14T08:53:00.684Z] > git cat-file -s 7628e279056d13a96817fbbcd03b9781648e52cb [16ms]
[2022-10-14T08:53:23.146Z] > git ls-files --stage -- /var/blog/js/waifu-tips.json [22ms]
[2022-10-14T08:53:23.174Z] > git show --textconv :js/waifu-tips.json [65ms]
[2022-10-14T08:53:23.179Z] > git cat-file -s 3a3edd172c279858ba6f75082405ace9f68daffb [5ms]
[2022-10-14T08:53:27.095Z] > git show --textconv :js/waifu-tips.js [9ms]
[2022-10-14T08:53:27.099Z] > git ls-files --stage -- /var/blog/js/waifu-tips.js [5ms]
[2022-10-14T08:53:27.107Z] > git cat-file -s 7628e279056d13a96817fbbcd03b9781648e52cb [2ms]
[2022-10-14T08:53:49.434Z] > git show --textconv :index.html [27ms]
[2022-10-14T08:53:49.436Z] > git ls-files --stage -- /var/blog/index.html [12ms]
[2022-10-14T08:53:49.468Z] > git cat-file -s 2ab992c91825019dcd3c6ea6be09891cb7ae125c [11ms]
[2022-10-14T08:53:50.225Z] > git show --textconv :js/waifu-tips.js [16ms]
[2022-10-14T08:53:50.233Z] > git ls-files --stage -- /var/blog/js/waifu-tips.js [9ms]
[2022-10-14T08:53:50.244Z] > git cat-file -s 7628e279056d13a96817fbbcd03b9781648e52cb [3ms]
[2022-10-14T08:53:51.581Z] > git show --textconv :index.html [27ms]
[2022-10-14T08:53:51.589Z] > git ls-files --stage -- /var/blog/index.html [10ms]
[2022-10-14T08:53:51.600Z] > git cat-file -s 2ab992c91825019dcd3c6ea6be09891cb7ae125c [4ms]
[2022-10-14T08:57:03.526Z] > git status -z -uall [629ms]
[2022-10-14T08:57:03.556Z] > git symbolic-ref --short HEAD [8ms]
[2022-10-14T08:57:03.577Z] > git for-each-ref --format=%(refname)%00%(upstream:short)%00%(objectname)%00%(upstream:track)%00%(upstream:remotename)%00%(upstream:remoteref) refs/heads/gh-pages refs/remotes/gh-pages [10ms]
[2022-10-14T08:57:03.601Z] > git for-each-ref --sort -committerdate --format %(refname) %(objectname) %(*objectname) [14ms]
[2022-10-14T08:57:03.605Z] > git remote --verbose [7ms]
[2022-10-14T08:57:03.633Z] > git config --get commit.template [3ms]
[2022-10-14T08:58:27.812Z] > git ls-files --stage -- /var/blog/index.html [8ms]
[2022-10-14T08:58:27.824Z] > git show --textconv :index.html [31ms]
[2022-10-14T08:58:27.831Z] > git cat-file -s 2ab992c91825019dcd3c6ea6be09891cb7ae125c [8ms]
[2022-10-14T08:59:48.804Z] > git check-ignore -v -z --stdin [6ms]
[2022-10-14T08:59:59.557Z] > git status -z -uall [580ms]
[2022-10-14T08:59:59.587Z] > git symbolic-ref --short HEAD [16ms]
[2022-10-14T08:59:59.605Z] > git for-each-ref --format=%(refname)%00%(upstream:short)%00%(objectname)%00%(upstream:track)%00%(upstream:remotename)%00%(upstream:remoteref) refs/heads/gh-pages refs/remotes/gh-pages [7ms]
[2022-10-14T08:59:59.623Z] > git for-each-ref --sort -committerdate --format %(refname) %(objectname) %(*objectname) [12ms]
[2022-10-14T08:59:59.625Z] > git remote --verbose [6ms]
[2022-10-14T08:59:59.639Z] > git config --get commit.template [4ms]
[2022-10-14T08:59:59.914Z] > git check-ignore -v -z --stdin [7ms]
[2022-10-14T09:02:13.028Z] > git status -z -uall [610ms]
[2022-10-14T09:02:13.039Z] > git symbolic-ref --short HEAD [3ms]
[2022-10-14T09:02:13.048Z] > git for-each-ref --format=%(refname)%00%(upstream:short)%00%(objectname)%00%(upstream:track)%00%(upstream:remotename)%00%(upstream:remoteref) refs/heads/gh-pages refs/remotes/gh-pages [4ms]
[2022-10-14T09:02:13.069Z] > git for-each-ref --sort -committerdate --format %(refname) %(objectname) %(*objectname) [10ms]
[2022-10-14T09:02:13.073Z] > git remote --verbose [7ms]
[2022-10-14T09:02:13.083Z] > git config --get commit.template [2ms]
[2022-10-14T09:10:20.226Z] > git status -z -uall [241ms]
[2022-10-14T09:10:20.236Z] > git symbolic-ref --short HEAD [3ms]
[2022-10-14T09:10:20.245Z] > git for-each-ref --format=%(refname)%00%(upstream:short)%00%(objectname)%00%(upstream:track)%00%(upstream:remotename)%00%(upstream:remoteref) refs/heads/gh-pages refs/remotes/gh-pages [3ms]
[2022-10-14T09:10:20.258Z] > git for-each-ref --sort -committerdate --format %(refname) %(objectname) %(*objectname) [8ms]
[2022-10-14T09:10:20.264Z] > git remote --verbose [7ms]
[2022-10-14T09:10:20.284Z] > git config --get commit.template [8ms]
[2022-10-14T09:12:26.131Z] > git check-ignore -v -z --stdin [4ms]
[2022-10-14T09:12:28.759Z] > git check-ignore -v -z --stdin [5ms]
[2022-10-14T09:12:30.711Z] > git check-ignore -v -z --stdin [3ms]
[2022-10-14T09:12:34.078Z] > git show --textconv :archives/2018/01/index.html [23ms]
[2022-10-14T09:12:34.079Z] > git ls-files --stage -- /var/blog/archives/2018/01/index.html [8ms]
[2022-10-14T09:12:34.089Z] > git cat-file -s a115d43e74fac3de0b8bccfa0043497c4f9a895a [4ms]
[2022-10-14T09:12:37.452Z] > git show --textconv :index.html [11ms]
[2022-10-14T09:12:37.457Z] > git ls-files --stage -- /var/blog/index.html [6ms]
[2022-10-14T09:12:37.465Z] > git cat-file -s 2ab992c91825019dcd3c6ea6be09891cb7ae125c [2ms]
[2022-10-14T09:16:42.545Z] > git check-ignore -v -z --stdin [4ms]
[2022-10-14T09:16:46.193Z] > git check-ignore -v -z --stdin [4ms]
[2022-10-14T09:21:08.788Z] > git check-ignore -v -z --stdin [5ms]
[2022-10-14T09:21:10.660Z] > git check-ignore -v -z --stdin [4ms]
[2022-10-14T09:21:14.782Z] > git check-ignore -v -z --stdin [5ms]
[2022-10-14T09:22:16.212Z] > git status -z -uall [247ms]
[2022-10-14T09:22:16.222Z] > git symbolic-ref --short HEAD [3ms]
[2022-10-14T09:22:16.234Z] > git for-each-ref --format=%(refname)%00%(upstream:short)%00%(objectname)%00%(upstream:track)%00%(upstream:remotename)%00%(upstream:remoteref) refs/heads/gh-pages refs/remotes/gh-pages [5ms]
[2022-10-14T09:22:16.248Z] > git for-each-ref --sort -committerdate --format %(refname) %(objectname) %(*objectname) [8ms]
[2022-10-14T09:22:16.250Z] > git remote --verbose [4ms]
[2022-10-14T09:22:16.266Z] > git config --get commit.template [7ms]
[2022-10-14T09:22:46.009Z] > git status -z -uall [247ms]
[2022-10-14T09:22:46.029Z] > git symbolic-ref --short HEAD [12ms]
[2022-10-14T09:22:46.042Z] > git for-each-ref --format=%(refname)%00%(upstream:short)%00%(objectname)%00%(upstream:track)%00%(upstream:remotename)%00%(upstream:remoteref) refs/heads/gh-pages refs/remotes/gh-pages [5ms]
[2022-10-14T09:22:46.058Z] > git for-each-ref --sort -committerdate --format %(refname) %(objectname) %(*objectname) [9ms]
[2022-10-14T09:22:46.060Z] > git remote --verbose [3ms]
[2022-10-14T09:22:46.071Z] > git config --get commit.template [2ms]
[2022-10-14T09:23:08.299Z] > git status -z -uall [225ms]
[2022-10-14T09:23:08.310Z] > git symbolic-ref --short HEAD [3ms]
[2022-10-14T09:23:08.318Z] > git for-each-ref --format=%(refname)%00%(upstream:short)%00%(objectname)%00%(upstream:track)%00%(upstream:remotename)%00%(upstream:remoteref) refs/heads/gh-pages refs/remotes/gh-pages [2ms]
[2022-10-14T09:23:08.332Z] > git for-each-ref --sort -committerdate --format %(refname) %(objectname) %(*objectname) [8ms]
[2022-10-14T09:23:08.341Z] > git remote --verbose [10ms]
[2022-10-14T09:23:08.359Z] > git config --get commit.template [9ms]
[2022-10-14T09:33:46.744Z] > git show --textconv :css/flat-ui.min.css [12ms]
[2022-10-14T09:33:46.747Z] > git ls-files --stage -- /var/blog/css/flat-ui.min.css [5ms]
[2022-10-14T09:33:46.755Z] > git cat-file -s 7e62ecbcb98a6e2b486051ed7eb65a010611c85b [2ms]
[2022-10-14T09:33:47.872Z] > git show --textconv :css/loading.css [9ms]
[2022-10-14T09:33:47.876Z] > git ls-files --stage -- /var/blog/css/loading.css [5ms]
[2022-10-14T09:33:47.883Z] > git cat-file -s 5cd4b3ad18b428431f112f3f25c81dafbe6f4814 [2ms]
