*
* Visual Studio Code Server
*
* By using the software, you agree to
* the Visual Studio Code Server License Terms (https://aka.ms/vscode-server-license) and
* the Microsoft Privacy Statement (https://privacy.microsoft.com/en-US/privacystatement).
*
Server bound to 127.0.0.1:41055 (IPv4)
Extension host agent listening on 41055

[07:24:11] Extension host agent started.
[07:24:12] [127.0.0.1][8bca2640][ManagementConnection] New connection established.
[07:24:13] [127.0.0.1][6103ae55][ExtensionHostConnection] New connection established.
[07:24:13] [127.0.0.1][6103ae55][ExtensionHostConnection] <9332> Launched Extension Host Process.
[IPC Library: Pty Host]  WARN Shell integration cannot be enabled for executable "/bin/sh" and args [
  '-c',
  'wget --version > /dev/null\n' +
    'if [ $? -eq 0 ]\n' +
    'then\n' +
    "\twget --connect-timeout=7 --tries=1 --dns-timeout=7 -q --header='Metadata:true' -O - http://169.254.169.254/metadata/instance?api-version=2019-03-11\n" +
    'else\n' +
    '\tcurl --version > /dev/null\n' +
    '\tif [ $? -eq 0 ]\n' +
    '\tthen\n' +
    "\t\tcurl --connect-timeout 7 -s --header='Metadata:true' http://169.254.169.254/metadata/instance?api-version=2019-03-11\n" +
    '\tfi\n' +
    'fi\n' +
    'exit 0'
]
[IPC Library: Pty Host]  WARN Shell integration cannot be enabled for executable "/bin/sh" and args [
  '-c',
  'wget --version > /dev/null\n' +
    'if [ $? -eq 0 ]\n' +
    'then\n' +
    '\twget --connect-timeout=7 --tries=1 --dns-timeout=7 -q  -O - http://169.254.169.254/latest/meta-data/instance-id\n' +
    'else\n' +
    '\tcurl --version > /dev/null\n' +
    '\tif [ $? -eq 0 ]\n' +
    '\tthen\n' +
    '\t\tcurl --connect-timeout 7 -s  http://169.254.169.254/latest/meta-data/instance-id\n' +
    '\tfi\n' +
    'fi\n' +
    'exit 0'
]
[IPC Library: Pty Host]  WARN Shell integration cannot be enabled for executable "/bin/sh" and args [
  '-c',
  'wget --version > /dev/null\n' +
    'if [ $? -eq 0 ]\n' +
    'then\n' +
    '\twget --connect-timeout=7 --tries=1 --dns-timeout=7 -q  -O - http://169.254.169.254/metadata/v1/id\n' +
    'else\n' +
    '\tcurl --version > /dev/null\n' +
    '\tif [ $? -eq 0 ]\n' +
    '\tthen\n' +
    '\t\tcurl --connect-timeout 7 -s  http://169.254.169.254/metadata/v1/id\n' +
    '\tfi\n' +
    'fi\n' +
    'exit 0'
]
[IPC Library: Pty Host]  WARN Shell integration cannot be enabled for executable "/bin/sh" and args [
  '-c',
  'wget --version > /dev/null\n' +
    'if [ $? -eq 0 ]\n' +
    'then\n' +
    "\twget --connect-timeout=7 --tries=1 --dns-timeout=7 -q --header='Metadata-Flavor:Google' -O - http://metadata.google.internal/computeMetadata/v1/instance/id\n" +
    'else\n' +
    '\tcurl --version > /dev/null\n' +
    '\tif [ $? -eq 0 ]\n' +
    '\tthen\n' +
    "\t\tcurl --connect-timeout 7 -s --header='Metadata-Flavor:Google' http://metadata.google.internal/computeMetadata/v1/instance/id\n" +
    '\tfi\n' +
    'fi\n' +
    'exit 0'
]
[07:25:32] [127.0.0.1][8bca2640][ManagementConnection] The client has disconnected gracefully, so the connection will be disposed.
[07:25:32] [127.0.0.1][6103ae55][ExtensionHostConnection] <9332> Extension Host Process exited with code: 0, signal: null.
Last EH closed, waiting before shutting down
[07:25:32] Last EH closed, waiting before shutting down
Got delay-shutdown request while in shutdown timeout, delaying
[07:25:42] Got delay-shutdown request while in shutdown timeout, delaying
Cancelling previous shutdown timeout
[07:25:42] Cancelling previous shutdown timeout
[07:25:43] [127.0.0.1][ae9abf93][ManagementConnection] New connection established.
[07:25:44] [127.0.0.1][a197e084][ExtensionHostConnection] New connection established.
[07:25:44] [127.0.0.1][a197e084][ExtensionHostConnection] <9468> Launched Extension Host Process.
[IPC Library: Pty Host]  WARN Shell integration cannot be enabled for executable "/bin/sh" and args [
  '-c',
  'wget --version > /dev/null\n' +
    'if [ $? -eq 0 ]\n' +
    'then\n' +
    "\twget --connect-timeout=7 --tries=1 --dns-timeout=7 -q --header='Metadata:true' -O - http://169.254.169.254/metadata/instance?api-version=2019-03-11\n" +
    'else\n' +
    '\tcurl --version > /dev/null\n' +
    '\tif [ $? -eq 0 ]\n' +
    '\tthen\n' +
    "\t\tcurl --connect-timeout 7 -s --header='Metadata:true' http://169.254.169.254/metadata/instance?api-version=2019-03-11\n" +
    '\tfi\n' +
    'fi\n' +
    'exit 0'
]
[IPC Library: Pty Host]  WARN Shell integration cannot be enabled for executable "/bin/sh" and args [
  '-c',
  'wget --version > /dev/null\n' +
    'if [ $? -eq 0 ]\n' +
    'then\n' +
    '\twget --connect-timeout=7 --tries=1 --dns-timeout=7 -q  -O - http://169.254.169.254/latest/meta-data/instance-id\n' +
    'else\n' +
    '\tcurl --version > /dev/null\n' +
    '\tif [ $? -eq 0 ]\n' +
    '\tthen\n' +
    '\t\tcurl --connect-timeout 7 -s  http://169.254.169.254/latest/meta-data/instance-id\n' +
    '\tfi\n' +
    'fi\n' +
    'exit 0'
]
[IPC Library: Pty Host]  WARN Shell integration cannot be enabled for executable "/bin/sh" and args [
  '-c',
  'wget --version > /dev/null\n' +
    'if [ $? -eq 0 ]\n' +
    'then\n' +
    '\twget --connect-timeout=7 --tries=1 --dns-timeout=7 -q  -O - http://169.254.169.254/metadata/v1/id\n' +
    'else\n' +
    '\tcurl --version > /dev/null\n' +
    '\tif [ $? -eq 0 ]\n' +
    '\tthen\n' +
    '\t\tcurl --connect-timeout 7 -s  http://169.254.169.254/metadata/v1/id\n' +
    '\tfi\n' +
    'fi\n' +
    'exit 0'
]
[IPC Library: Pty Host]  WARN Shell integration cannot be enabled for executable "/bin/sh" and args [
  '-c',
  'wget --version > /dev/null\n' +
    'if [ $? -eq 0 ]\n' +
    'then\n' +
    "\twget --connect-timeout=7 --tries=1 --dns-timeout=7 -q --header='Metadata-Flavor:Google' -O - http://metadata.google.internal/computeMetadata/v1/instance/id\n" +
    'else\n' +
    '\tcurl --version > /dev/null\n' +
    '\tif [ $? -eq 0 ]\n' +
    '\tthen\n' +
    "\t\tcurl --connect-timeout 7 -s --header='Metadata-Flavor:Google' http://metadata.google.internal/computeMetadata/v1/instance/id\n" +
    '\tfi\n' +
    'fi\n' +
    'exit 0'
]
New EH opened, aborting shutdown
[07:30:42] New EH opened, aborting shutdown
[08:31:56] Getting Manifest... sandcastle.vscode-open
[08:32:00] Installing extension: sandcastle.vscode-open
[08:32:00] Downloaded extension: sandcastle.vscode-open /root/.vscode-server/data/CachedExtensionVSIXs/sandcastle.vscode-open-0.1.0
[08:32:00] Extracted extension to /root/.vscode-server/extensions/.b54c10f5-762f-4251-81cc-00cb56ce9d09: sandcastle.vscode-open
[08:32:00] Renamed to /root/.vscode-server/extensions/sandcastle.vscode-open-0.1.0
[08:32:00] Extracting completed. sandcastle.vscode-open
[08:32:00] Extension installed successfully: sandcastle.vscode-open
[08:41:27] Getting Manifest... ritwickdey.liveserver
[08:41:30] Installing extension: ritwickdey.liveserver
[08:41:30] Downloaded extension: ritwickdey.liveserver /root/.vscode-server/data/CachedExtensionVSIXs/ritwickdey.liveserver-5.7.9
[08:41:36] Extracted extension to /root/.vscode-server/extensions/.1caaf191-8e01-4711-bdc2-d8e5c291b89a: ritwickdey.liveserver
[08:41:37] Renamed to /root/.vscode-server/extensions/ritwickdey.liveserver-5.7.9
[08:41:37] Extracting completed. ritwickdey.liveserver
[08:41:37] Extension installed successfully: ritwickdey.liveserver
[08:57:14] [127.0.0.1][a197e084][ExtensionHostConnection] <9468> [0mGET /favicon.ico [33m404[0m 8.864 ms - 150[0m

[09:00:34] No ptyHost heartbeat after 6 seconds
rejected promise not handled within 1 second: CodeExpectedError: Could not find pty on pty host
stack trace: CodeExpectedError: Could not find pty on pty host,    at a._throwIfNoPty (/root/.vscode-server/bin/129500ee4c8ab7263461ffe327268ba56b9f210d/out/vs/platform/terminal/node/ptyHostMain.js:27:7252),    at a.updateIcon (/root/.vscode-server/bin/129500ee4c8ab7263461ffe327268ba56b9f210d/out/vs/platform/terminal/node/ptyHostMain.js:27:3046),    at Object.call (/root/.vscode-server/bin/129500ee4c8ab7263461ffe327268ba56b9f210d/out/vs/platform/terminal/node/ptyHostMain.js:16:8386),    at c.onPromise (/root/.vscode-server/bin/129500ee4c8ab7263461ffe327268ba56b9f210d/out/vs/platform/terminal/node/ptyHostMain.js:15:5833),    at c.onRawMessage (/root/.vscode-server/bin/129500ee4c8ab7263461ffe327268ba56b9f210d/out/vs/platform/terminal/node/ptyHostMain.js:15:5216),    at /root/.vscode-server/bin/129500ee4c8ab7263461ffe327268ba56b9f210d/out/vs/platform/terminal/node/ptyHostMain.js:15:4502,    at m.invoke (/root/.vscode-server/bin/129500ee4c8ab7263461ffe327268ba56b9f210d/out/vs/platform/terminal/node/ptyHostMain.js:11:145),    at D.deliver (/root/.vscode-server/bin/129500ee4c8ab7263461ffe327268ba56b9f210d/out/vs/platform/terminal/node/ptyHostMain.js:11:2275),    at O.fire (/root/.vscode-server/bin/129500ee4c8ab7263461ffe327268ba56b9f210d/out/vs/platform/terminal/node/ptyHostMain.js:11:1853),    at process.X (/root/.vscode-server/bin/129500ee4c8ab7263461ffe327268ba56b9f210d/out/vs/platform/terminal/node/ptyHostMain.js:9:20837),    at process.emit (node:events:526:28),    at emit (node:internal/child_process:938:14),    at processTicksAndRejections (node:internal/process/task_queues:84:21)
[09:02:11] [Error [CodeExpectedError]: Could not find pty on pty host,    at a._throwIfNoPty (/root/.vscode-server/bin/129500ee4c8ab7263461ffe327268ba56b9f210d/out/vs/platform/terminal/node/ptyHostMain.js:27:7252),    at a.updateIcon (/root/.vscode-server/bin/129500ee4c8ab7263461ffe327268ba56b9f210d/out/vs/platform/terminal/node/ptyHostMain.js:27:3046),    at Object.call (/root/.vscode-server/bin/129500ee4c8ab7263461ffe327268ba56b9f210d/out/vs/platform/terminal/node/ptyHostMain.js:16:8386),    at c.onPromise (/root/.vscode-server/bin/129500ee4c8ab7263461ffe327268ba56b9f210d/out/vs/platform/terminal/node/ptyHostMain.js:15:5833),    at c.onRawMessage (/root/.vscode-server/bin/129500ee4c8ab7263461ffe327268ba56b9f210d/out/vs/platform/terminal/node/ptyHostMain.js:15:5216),    at /root/.vscode-server/bin/129500ee4c8ab7263461ffe327268ba56b9f210d/out/vs/platform/terminal/node/ptyHostMain.js:15:4502,    at m.invoke (/root/.vscode-server/bin/129500ee4c8ab7263461ffe327268ba56b9f210d/out/vs/platform/terminal/node/ptyHostMain.js:11:145),    at D.deliver (/root/.vscode-server/bin/129500ee4c8ab7263461ffe327268ba56b9f210d/out/vs/platform/terminal/node/ptyHostMain.js:11:2275),    at O.fire (/root/.vscode-server/bin/129500ee4c8ab7263461ffe327268ba56b9f210d/out/vs/platform/terminal/node/ptyHostMain.js:11:1853),    at process.X (/root/.vscode-server/bin/129500ee4c8ab7263461ffe327268ba56b9f210d/out/vs/platform/terminal/node/ptyHostMain.js:9:20837),    at process.emit (node:events:526:28),    at emit (node:internal/child_process:938:14),    at processTicksAndRejections (node:internal/process/task_queues:84:21)]
rejected promise not handled within 1 second: CodeExpectedError: Could not find pty on pty host
stack trace: CodeExpectedError: Could not find pty on pty host,    at a._throwIfNoPty (/root/.vscode-server/bin/129500ee4c8ab7263461ffe327268ba56b9f210d/out/vs/platform/terminal/node/ptyHostMain.js:27:7252),    at a.updateTitle (/root/.vscode-server/bin/129500ee4c8ab7263461ffe327268ba56b9f210d/out/vs/platform/terminal/node/ptyHostMain.js:27:2984),    at Object.call (/root/.vscode-server/bin/129500ee4c8ab7263461ffe327268ba56b9f210d/out/vs/platform/terminal/node/ptyHostMain.js:16:8386),    at c.onPromise (/root/.vscode-server/bin/129500ee4c8ab7263461ffe327268ba56b9f210d/out/vs/platform/terminal/node/ptyHostMain.js:15:5833),    at c.onRawMessage (/root/.vscode-server/bin/129500ee4c8ab7263461ffe327268ba56b9f210d/out/vs/platform/terminal/node/ptyHostMain.js:15:5216),    at /root/.vscode-server/bin/129500ee4c8ab7263461ffe327268ba56b9f210d/out/vs/platform/terminal/node/ptyHostMain.js:15:4502,    at m.invoke (/root/.vscode-server/bin/129500ee4c8ab7263461ffe327268ba56b9f210d/out/vs/platform/terminal/node/ptyHostMain.js:11:145),    at D.deliver (/root/.vscode-server/bin/129500ee4c8ab7263461ffe327268ba56b9f210d/out/vs/platform/terminal/node/ptyHostMain.js:11:2275),    at O.fire (/root/.vscode-server/bin/129500ee4c8ab7263461ffe327268ba56b9f210d/out/vs/platform/terminal/node/ptyHostMain.js:11:1853),    at process.X (/root/.vscode-server/bin/129500ee4c8ab7263461ffe327268ba56b9f210d/out/vs/platform/terminal/node/ptyHostMain.js:9:20837),    at process.emit (node:events:526:28),    at emit (node:internal/child_process:938:14),    at processTicksAndRejections (node:internal/process/task_queues:84:21)
[09:02:11] [Error [CodeExpectedError]: Could not find pty on pty host,    at a._throwIfNoPty (/root/.vscode-server/bin/129500ee4c8ab7263461ffe327268ba56b9f210d/out/vs/platform/terminal/node/ptyHostMain.js:27:7252),    at a.updateTitle (/root/.vscode-server/bin/129500ee4c8ab7263461ffe327268ba56b9f210d/out/vs/platform/terminal/node/ptyHostMain.js:27:2984),    at Object.call (/root/.vscode-server/bin/129500ee4c8ab7263461ffe327268ba56b9f210d/out/vs/platform/terminal/node/ptyHostMain.js:16:8386),    at c.onPromise (/root/.vscode-server/bin/129500ee4c8ab7263461ffe327268ba56b9f210d/out/vs/platform/terminal/node/ptyHostMain.js:15:5833),    at c.onRawMessage (/root/.vscode-server/bin/129500ee4c8ab7263461ffe327268ba56b9f210d/out/vs/platform/terminal/node/ptyHostMain.js:15:5216),    at /root/.vscode-server/bin/129500ee4c8ab7263461ffe327268ba56b9f210d/out/vs/platform/terminal/node/ptyHostMain.js:15:4502,    at m.invoke (/root/.vscode-server/bin/129500ee4c8ab7263461ffe327268ba56b9f210d/out/vs/platform/terminal/node/ptyHostMain.js:11:145),    at D.deliver (/root/.vscode-server/bin/129500ee4c8ab7263461ffe327268ba56b9f210d/out/vs/platform/terminal/node/ptyHostMain.js:11:2275),    at O.fire (/root/.vscode-server/bin/129500ee4c8ab7263461ffe327268ba56b9f210d/out/vs/platform/terminal/node/ptyHostMain.js:11:1853),    at process.X (/root/.vscode-server/bin/129500ee4c8ab7263461ffe327268ba56b9f210d/out/vs/platform/terminal/node/ptyHostMain.js:9:20837),    at process.emit (node:events:526:28),    at emit (node:internal/child_process:938:14),    at processTicksAndRejections (node:internal/process/task_queues:84:21)]
rejected promise not handled within 1 second: CodeExpectedError: Could not find pty on pty host
stack trace: CodeExpectedError: Could not find pty on pty host,    at a._throwIfNoPty (/root/.vscode-server/bin/129500ee4c8ab7263461ffe327268ba56b9f210d/out/vs/platform/terminal/node/ptyHostMain.js:27:7252),    at a.updateTitle (/root/.vscode-server/bin/129500ee4c8ab7263461ffe327268ba56b9f210d/out/vs/platform/terminal/node/ptyHostMain.js:27:2984),    at Object.call (/root/.vscode-server/bin/129500ee4c8ab7263461ffe327268ba56b9f210d/out/vs/platform/terminal/node/ptyHostMain.js:16:8386),    at c.onPromise (/root/.vscode-server/bin/129500ee4c8ab7263461ffe327268ba56b9f210d/out/vs/platform/terminal/node/ptyHostMain.js:15:5833),    at c.onRawMessage (/root/.vscode-server/bin/129500ee4c8ab7263461ffe327268ba56b9f210d/out/vs/platform/terminal/node/ptyHostMain.js:15:5216),    at /root/.vscode-server/bin/129500ee4c8ab7263461ffe327268ba56b9f210d/out/vs/platform/terminal/node/ptyHostMain.js:15:4502,    at m.invoke (/root/.vscode-server/bin/129500ee4c8ab7263461ffe327268ba56b9f210d/out/vs/platform/terminal/node/ptyHostMain.js:11:145),    at D.deliver (/root/.vscode-server/bin/129500ee4c8ab7263461ffe327268ba56b9f210d/out/vs/platform/terminal/node/ptyHostMain.js:11:2275),    at O.fire (/root/.vscode-server/bin/129500ee4c8ab7263461ffe327268ba56b9f210d/out/vs/platform/terminal/node/ptyHostMain.js:11:1853),    at process.X (/root/.vscode-server/bin/129500ee4c8ab7263461ffe327268ba56b9f210d/out/vs/platform/terminal/node/ptyHostMain.js:9:20837),    at process.emit (node:events:526:28),    at emit (node:internal/child_process:938:14),    at processTicksAndRejections (node:internal/process/task_queues:84:21)
[09:02:11] [Error [CodeExpectedError]: Could not find pty on pty host,    at a._throwIfNoPty (/root/.vscode-server/bin/129500ee4c8ab7263461ffe327268ba56b9f210d/out/vs/platform/terminal/node/ptyHostMain.js:27:7252),    at a.updateTitle (/root/.vscode-server/bin/129500ee4c8ab7263461ffe327268ba56b9f210d/out/vs/platform/terminal/node/ptyHostMain.js:27:2984),    at Object.call (/root/.vscode-server/bin/129500ee4c8ab7263461ffe327268ba56b9f210d/out/vs/platform/terminal/node/ptyHostMain.js:16:8386),    at c.onPromise (/root/.vscode-server/bin/129500ee4c8ab7263461ffe327268ba56b9f210d/out/vs/platform/terminal/node/ptyHostMain.js:15:5833),    at c.onRawMessage (/root/.vscode-server/bin/129500ee4c8ab7263461ffe327268ba56b9f210d/out/vs/platform/terminal/node/ptyHostMain.js:15:5216),    at /root/.vscode-server/bin/129500ee4c8ab7263461ffe327268ba56b9f210d/out/vs/platform/terminal/node/ptyHostMain.js:15:4502,    at m.invoke (/root/.vscode-server/bin/129500ee4c8ab7263461ffe327268ba56b9f210d/out/vs/platform/terminal/node/ptyHostMain.js:11:145),    at D.deliver (/root/.vscode-server/bin/129500ee4c8ab7263461ffe327268ba56b9f210d/out/vs/platform/terminal/node/ptyHostMain.js:11:2275),    at O.fire (/root/.vscode-server/bin/129500ee4c8ab7263461ffe327268ba56b9f210d/out/vs/platform/terminal/node/ptyHostMain.js:11:1853),    at process.X (/root/.vscode-server/bin/129500ee4c8ab7263461ffe327268ba56b9f210d/out/vs/platform/terminal/node/ptyHostMain.js:9:20837),    at process.emit (node:events:526:28),    at emit (node:internal/child_process:938:14),    at processTicksAndRejections (node:internal/process/task_queues:84:21)]
